nohup: ignoring input
[2025-10-26 16:25:54 -0400] [2027] [INFO] Starting gunicorn 23.0.0
[2025-10-26 16:25:54 -0400] [2027] [INFO] Listening at: http://0.0.0.0:5000 (2027)
[2025-10-26 16:25:54 -0400] [2027] [INFO] Using worker: sync
[2025-10-26 16:25:54 -0400] [2029] [INFO] Booting worker with pid: 2029
[2025-10-26 16:25:54 -0400] [2030] [INFO] Booting worker with pid: 2030
[2025-10-26 16:25:54 -0400] [2029] [ERROR] Exception in worker process
Traceback (most recent call last):
  File "/usr/local/lib/python3.11/dist-packages/gunicorn/arbiter.py", line 608, in spawn_worker
    worker.init_process()
  File "/usr/local/lib/python3.11/dist-packages/gunicorn/workers/base.py", line 135, in init_process
    self.load_wsgi()
  File "/usr/local/lib/python3.11/dist-packages/gunicorn/workers/base.py", line 147, in load_wsgi
    self.wsgi = self.app.wsgi()
                ^^^^^^^^^^^^^^^
  File "/usr/local/lib/python3.11/dist-packages/gunicorn/app/base.py", line 66, in wsgi
    self.callable = self.load()
                    ^^^^^^^^^^^
  File "/usr/local/lib/python3.11/dist-packages/gunicorn/app/wsgiapp.py", line 57, in load
    return self.load_wsgiapp()
           ^^^^^^^^^^^^^^^^^^^
  File "/usr/local/lib/python3.11/dist-packages/gunicorn/app/wsgiapp.py", line 47, in load_wsgiapp
    return util.import_app(self.app_uri)
           ^^^^^^^^^^^^^^^^^^^^^^^^^^^^^
  File "/usr/local/lib/python3.11/dist-packages/gunicorn/util.py", line 370, in import_app
    mod = importlib.import_module(module)
          ^^^^^^^^^^^^^^^^^^^^^^^^^^^^^^^
  File "/usr/lib/python3.11/importlib/__init__.py", line 126, in import_module
    return _bootstrap._gcd_import(name[level:], package, level)
           ^^^^^^^^^^^^^^^^^^^^^^^^^^^^^^^^^^^^^^^^^^^^^^^^^^^^
  File "<frozen importlib._bootstrap>", line 1206, in _gcd_import
  File "<frozen importlib._bootstrap>", line 1178, in _find_and_load
  File "<frozen importlib._bootstrap>", line 1149, in _find_and_load_unlocked
  File "<frozen importlib._bootstrap>", line 690, in _load_unlocked
  File "<frozen importlib._bootstrap_external>", line 940, in exec_module
  File "<frozen importlib._bootstrap>", line 241, in _call_with_frames_removed
  File "/home/ubuntu/pharmasight-latest/src/pharmasight_complete.py", line 16, in <module>
    from ddi_analysis_fix import get_detailed_interaction_info
ModuleNotFoundError: No module named 'ddi_analysis_fix'
[2025-10-26 16:25:54 -0400] [2029] [INFO] Worker exiting (pid: 2029)
[2025-10-26 16:25:54 -0400] [2027] [ERROR] Worker (pid:2029) exited with code 3
[2025-10-26 16:25:54 -0400] [2030] [ERROR] Exception in worker process
Traceback (most recent call last):
  File "/usr/local/lib/python3.11/dist-packages/gunicorn/arbiter.py", line 608, in spawn_worker
    worker.init_process()
  File "/usr/local/lib/python3.11/dist-packages/gunicorn/workers/base.py", line 135, in init_process
    self.load_wsgi()
  File "/usr/local/lib/python3.11/dist-packages/gunicorn/workers/base.py", line 147, in load_wsgi
    self.wsgi = self.app.wsgi()
                ^^^^^^^^^^^^^^^
  File "/usr/local/lib/python3.11/dist-packages/gunicorn/app/base.py", line 66, in wsgi
    self.callable = self.load()
                    ^^^^^^^^^^^
  File "/usr/local/lib/python3.11/dist-packages/gunicorn/app/wsgiapp.py", line 57, in load
    return self.load_wsgiapp()
           ^^^^^^^^^^^^^^^^^^^
  File "/usr/local/lib/python3.11/dist-packages/gunicorn/app/wsgiapp.py", line 47, in load_wsgiapp
    return util.import_app(self.app_uri)
           ^^^^^^^^^^^^^^^^^^^^^^^^^^^^^
  File "/usr/local/lib/python3.11/dist-packages/gunicorn/util.py", line 370, in import_app
    mod = importlib.import_module(module)
          ^^^^^^^^^^^^^^^^^^^^^^^^^^^^^^^
  File "/usr/lib/python3.11/importlib/__init__.py", line 126, in import_module
    return _bootstrap._gcd_import(name[level:], package, level)
           ^^^^^^^^^^^^^^^^^^^^^^^^^^^^^^^^^^^^^^^^^^^^^^^^^^^^
  File "<frozen importlib._bootstrap>", line 1206, in _gcd_import
  File "<frozen importlib._bootstrap>", line 1178, in _find_and_load
  File "<frozen importlib._bootstrap>", line 1149, in _find_and_load_unlocked
  File "<frozen importlib._bootstrap>", line 690, in _load_unlocked
  File "<frozen importlib._bootstrap_external>", line 940, in exec_module
  File "<frozen importlib._bootstrap>", line 241, in _call_with_frames_removed
  File "/home/ubuntu/pharmasight-latest/src/pharmasight_complete.py", line 16, in <module>
    from ddi_analysis_fix import get_detailed_interaction_info
ModuleNotFoundError: No module named 'ddi_analysis_fix'
[2025-10-26 16:25:54 -0400] [2030] [INFO] Worker exiting (pid: 2030)
[2025-10-26 16:25:54 -0400] [2027] [ERROR] Worker (pid:2030) exited with code 3
Traceback (most recent call last):
  File "/usr/local/lib/python3.11/dist-packages/gunicorn/arbiter.py", line 208, in run
    self.sleep()
  File "/usr/local/lib/python3.11/dist-packages/gunicorn/arbiter.py", line 359, in sleep
    ready = select.select([self.PIPE[0]], [], [], 1.0)
            ^^^^^^^^^^^^^^^^^^^^^^^^^^^^^^^^^^^^^^^^^^
  File "/usr/local/lib/python3.11/dist-packages/gunicorn/arbiter.py", line 241, in handle_chld
    self.reap_workers()
  File "/usr/local/lib/python3.11/dist-packages/gunicorn/arbiter.py", line 529, in reap_workers
    raise HaltServer(reason, self.WORKER_BOOT_ERROR)
gunicorn.errors.HaltServer: <HaltServer 'Worker failed to boot.' 3>

During handling of the above exception, another exception occurred:

Traceback (most recent call last):
  File "/usr/local/bin/gunicorn", line 10, in <module>
    sys.exit(run())
             ^^^^^
  File "/usr/local/lib/python3.11/dist-packages/gunicorn/app/wsgiapp.py", line 66, in run
    WSGIApplication("%(prog)s [OPTIONS] [APP_MODULE]", prog=prog).run()
  File "/usr/local/lib/python3.11/dist-packages/gunicorn/app/base.py", line 235, in run
    super().run()
  File "/usr/local/lib/python3.11/dist-packages/gunicorn/app/base.py", line 71, in run
    Arbiter(self).run()
  File "/usr/local/lib/python3.11/dist-packages/gunicorn/arbiter.py", line 228, in run
    self.halt(reason=inst.reason, exit_status=inst.exit_status)
  File "/usr/local/lib/python3.11/dist-packages/gunicorn/arbiter.py", line 341, in halt
    self.stop()
  File "/usr/local/lib/python3.11/dist-packages/gunicorn/arbiter.py", line 395, in stop
    time.sleep(0.1)
  File "/usr/local/lib/python3.11/dist-packages/gunicorn/arbiter.py", line 241, in handle_chld
    self.reap_workers()
  File "/usr/local/lib/python3.11/dist-packages/gunicorn/arbiter.py", line 529, in reap_workers
    raise HaltServer(reason, self.WORKER_BOOT_ERROR)
gunicorn.errors.HaltServer: <HaltServer 'Worker failed to boot.' 3>
[2025-10-28 02:09:35 -0400] [10960] [INFO] Starting gunicorn 23.0.0
[2025-10-28 02:09:35 -0400] [10960] [INFO] Listening at: http://0.0.0.0:5000 (10960)
[2025-10-28 02:09:35 -0400] [10960] [INFO] Using worker: sync
[2025-10-28 02:09:35 -0400] [10961] [INFO] Booting worker with pid: 10961
[2025-10-28 02:09:35 -0400] [10962] [INFO] Booting worker with pid: 10962
127.0.0.1 - - [28/Oct/2025:02:09:41 -0400] "GET /api/receptors HTTP/1.1" 200 1722 "-" "curl/7.81.0"
127.0.0.1 - - [28/Oct/2025:02:09:45 -0400] "GET /api/modulation_types HTTP/1.1" 200 568 "-" "curl/7.81.0"
127.0.0.1 - - [28/Oct/2025:02:09:46 -0400] "GET /api/signaling_bias_types HTTP/1.1" 200 252 "-" "curl/7.81.0"
127.0.0.1 - - [28/Oct/2025:02:09:49 -0400] "GET /api/receptor_profile/psilocybin HTTP/1.1" 200 746 "-" "curl/7.81.0"
[2025-10-28 02:10:11 -0400] [10961] [INFO] Worker reloading: /home/ubuntu/pharmasight-latest/src/pharmasight_complete.py modified
[2025-10-28 02:10:11 -0400] [10961] [INFO] Worker exiting (pid: 10961)
[2025-10-28 02:10:11 -0400] [11001] [INFO] Booting worker with pid: 11001
[2025-10-28 02:10:11 -0400] [10962] [INFO] Worker reloading: /home/ubuntu/pharmasight-latest/src/pharmasight_complete.py modified
[2025-10-28 02:10:11 -0400] [10962] [INFO] Worker exiting (pid: 10962)
[2025-10-28 02:10:11 -0400] [11002] [INFO] Booting worker with pid: 11002
[2025-10-28 02:10:48 -0400] [11001] [INFO] Worker reloading: /home/ubuntu/pharmasight-latest/src/pharmasight_complete.py modified
[2025-10-28 02:10:48 -0400] [11001] [INFO] Worker exiting (pid: 11001)
[2025-10-28 02:10:48 -0400] [11033] [INFO] Booting worker with pid: 11033
[2025-10-28 02:10:48 -0400] [11002] [INFO] Worker reloading: /home/ubuntu/pharmasight-latest/src/pharmasight_complete.py modified
[2025-10-28 02:10:48 -0400] [11002] [INFO] Worker exiting (pid: 11002)
[2025-10-28 02:10:48 -0400] [11034] [INFO] Booting worker with pid: 11034
[2025-10-28 02:11:39 -0400] [11033] [INFO] Worker reloading: /home/ubuntu/pharmasight-latest/src/pharmasight_complete.py modified
[2025-10-28 02:11:39 -0400] [11033] [INFO] Worker exiting (pid: 11033)
[2025-10-28 02:11:39 -0400] [11069] [INFO] Booting worker with pid: 11069
[2025-10-28 02:11:39 -0400] [11034] [INFO] Worker reloading: /home/ubuntu/pharmasight-latest/src/pharmasight_complete.py modified
[2025-10-28 02:11:39 -0400] [11034] [INFO] Worker exiting (pid: 11034)
[2025-10-28 02:11:39 -0400] [11070] [INFO] Booting worker with pid: 11070
127.0.0.1 - - [28/Oct/2025:02:11:50 -0400] "GET /health HTTP/1.1" 200 112 "-" "curl/7.81.0"
10.38.94.1 - - [28/Oct/2025:02:11:56 -0400] "GET / HTTP/1.1" 200 95116 "-" "Mozilla/5.0 (X11; Linux x86_64) AppleWebKit/537.36 (KHTML, like Gecko) Chrome/128.0.0.0 Safari/537.36"
10.38.94.1 - - [28/Oct/2025:02:11:56 -0400] "GET /molecular_viz.png HTTP/1.1" 404 207 "https://5000-i6c9eu5jppkbillasx8mx-b53205c1.manusvm.computer/" "Mozilla/5.0 (X11; Linux x86_64) AppleWebKit/537.36 (KHTML, like Gecko) Chrome/128.0.0.0 Safari/537.36"
10.38.94.1 - - [28/Oct/2025:02:11:56 -0400] "GET /lab_research.jpg HTTP/1.1" 404 207 "https://5000-i6c9eu5jppkbillasx8mx-b53205c1.manusvm.computer/" "Mozilla/5.0 (X11; Linux x86_64) AppleWebKit/537.36 (KHTML, like Gecko) Chrome/128.0.0.0 Safari/537.36"
10.38.94.1 - - [28/Oct/2025:02:12:09 -0400] "POST /api/log_activity HTTP/1.1" 200 200 "https://5000-i6c9eu5jppkbillasx8mx-b53205c1.manusvm.computer/" "Mozilla/5.0 (X11; Linux x86_64) AppleWebKit/537.36 (KHTML, like Gecko) Chrome/128.0.0.0 Safari/537.36"
10.38.94.1 - - [28/Oct/2025:02:12:09 -0400] "GET /molecular_viz.png HTTP/1.1" 404 207 "https://5000-i6c9eu5jppkbillasx8mx-b53205c1.manusvm.computer/" "Mozilla/5.0 (X11; Linux x86_64) AppleWebKit/537.36 (KHTML, like Gecko) Chrome/128.0.0.0 Safari/537.36"
10.38.94.1 - - [28/Oct/2025:02:12:45 -0400] "GET /api/receptor_profile/Psilocybin HTTP/1.1" 200 746 "https://5000-i6c9eu5jppkbillasx8mx-b53205c1.manusvm.computer/" "Mozilla/5.0 (X11; Linux x86_64) AppleWebKit/537.36 (KHTML, like Gecko) Chrome/128.0.0.0 Safari/537.36"
